<?xml version="1.0" encoding="UTF-8"?>
<testsuite name="com.redsuns78.calculator.CalculatorTest" tests="1" skipped="0" failures="0" errors="0" timestamp="2020-07-19T01:39:38" hostname="ubuntu-18-04-01" time="0.001">
  <properties/>
  <testcase name="testSum" classname="com.redsuns78.calculator.CalculatorTest" time="0.001"/>
  <system-out><![CDATA[]]></system-out>
  <system-err><![CDATA[]]></system-err>
</testsuite>
