<?xml version="1.0" encoding="UTF-8"?>
<testsuite name="com.redsuns78.calculator.CalculatorApplicationTests" tests="1" skipped="0" failures="0" errors="0" timestamp="2020-07-12T02:40:48" hostname="HyungChans-iMac.local" time="0.427">
  <properties/>
  <testcase name="contextLoads()" classname="com.redsuns78.calculator.CalculatorApplicationTests" time="0.427"/>
  <system-out><![CDATA[11:40:46.262 [Test worker] DEBUG org.springframework.test.context.BootstrapUtils - Instantiating CacheAwareContextLoaderDelegate from class [org.springframework.test.context.cache.DefaultCacheAwareContextLoaderDelegate]
11:40:46.279 [Test worker] DEBUG org.springframework.test.context.BootstrapUtils - Instantiating BootstrapContext using constructor [public org.springframework.test.context.support.DefaultBootstrapContext(java.lang.Class,org.springframework.test.context.CacheAwareContextLoaderDelegate)]
11:40:46.315 [Test worker] DEBUG org.springframework.test.context.BootstrapUtils - Instantiating TestContextBootstrapper for test class [com.redsuns78.calculator.CalculatorApplicationTests] from class [org.springframework.boot.test.context.SpringBootTestContextBootstrapper]
11:40:46.336 [Test worker] INFO org.springframework.boot.test.context.SpringBootTestContextBootstrapper - Neither @ContextConfiguration nor @ContextHierarchy found for test class [com.redsuns78.calculator.CalculatorApplicationTests], using SpringBootContextLoader
11:40:46.342 [Test worker] DEBUG org.springframework.test.context.support.AbstractContextLoader - Did not detect default resource location for test class [com.redsuns78.calculator.CalculatorApplicationTests]: class path resource [com/redsuns78/calculator/CalculatorApplicationTests-context.xml] does not exist
11:40:46.342 [Test worker] DEBUG org.springframework.test.context.support.AbstractContextLoader - Did not detect default resource location for test class [com.redsuns78.calculator.CalculatorApplicationTests]: class path resource [com/redsuns78/calculator/CalculatorApplicationTestsContext.groovy] does not exist
11:40:46.343 [Test worker] INFO org.springframework.test.context.support.AbstractContextLoader - Could not detect default resource locations for test class [com.redsuns78.calculator.CalculatorApplicationTests]: no resource found for suffixes {-context.xml, Context.groovy}.
11:40:46.344 [Test worker] INFO org.springframework.test.context.support.AnnotationConfigContextLoaderUtils - Could not detect default configuration classes for test class [com.redsuns78.calculator.CalculatorApplicationTests]: CalculatorApplicationTests does not declare any static, non-private, non-final, nested classes annotated with @Configuration.
11:40:46.386 [Test worker] DEBUG org.springframework.test.context.support.ActiveProfilesUtils - Could not find an 'annotation declaring class' for annotation type [org.springframework.test.context.ActiveProfiles] and class [com.redsuns78.calculator.CalculatorApplicationTests]
11:40:46.459 [Test worker] DEBUG org.springframework.context.annotation.ClassPathScanningCandidateComponentProvider - Identified candidate component class: file [/Users/hyungchancho/Downloads/calculator/build/classes/java/main/com/redsuns78/calculator/CalculatorApplication.class]
11:40:46.464 [Test worker] INFO org.springframework.boot.test.context.SpringBootTestContextBootstrapper - Found @SpringBootConfiguration com.redsuns78.calculator.CalculatorApplication for test class com.redsuns78.calculator.CalculatorApplicationTests
11:40:46.574 [Test worker] DEBUG org.springframework.boot.test.context.SpringBootTestContextBootstrapper - @TestExecutionListeners is not present for class [com.redsuns78.calculator.CalculatorApplicationTests]: using defaults.
11:40:46.575 [Test worker] INFO org.springframework.boot.test.context.SpringBootTestContextBootstrapper - Loaded default TestExecutionListener class names from location [META-INF/spring.factories]: [org.springframework.boot.test.autoconfigure.restdocs.RestDocsTestExecutionListener, org.springframework.boot.test.autoconfigure.web.client.MockRestServiceServerResetTestExecutionListener, org.springframework.boot.test.autoconfigure.web.servlet.MockMvcPrintOnlyOnFailureTestExecutionListener, org.springframework.boot.test.autoconfigure.web.servlet.WebDriverTestExecutionListener, org.springframework.boot.test.autoconfigure.webservices.client.MockWebServiceServerTestExecutionListener, org.springframework.boot.test.mock.mockito.MockitoTestExecutionListener, org.springframework.boot.test.mock.mockito.ResetMocksTestExecutionListener, org.springframework.test.context.web.ServletTestExecutionListener, org.springframework.test.context.support.DirtiesContextBeforeModesTestExecutionListener, org.springframework.test.context.support.DependencyInjectionTestExecutionListener, org.springframework.test.context.support.DirtiesContextTestExecutionListener, org.springframework.test.context.transaction.TransactionalTestExecutionListener, org.springframework.test.context.jdbc.SqlScriptsTestExecutionListener, org.springframework.test.context.event.EventPublishingTestExecutionListener]
11:40:46.590 [Test worker] DEBUG org.springframework.boot.test.context.SpringBootTestContextBootstrapper - Skipping candidate TestExecutionListener [org.springframework.test.context.transaction.TransactionalTestExecutionListener] due to a missing dependency. Specify custom listener classes or make the default listener classes and their required dependencies available. Offending class: [org/springframework/transaction/interceptor/TransactionAttributeSource]
11:40:46.590 [Test worker] DEBUG org.springframework.boot.test.context.SpringBootTestContextBootstrapper - Skipping candidate TestExecutionListener [org.springframework.test.context.jdbc.SqlScriptsTestExecutionListener] due to a missing dependency. Specify custom listener classes or make the default listener classes and their required dependencies available. Offending class: [org/springframework/transaction/interceptor/TransactionAttribute]
11:40:46.590 [Test worker] INFO org.springframework.boot.test.context.SpringBootTestContextBootstrapper - Using TestExecutionListeners: [org.springframework.test.context.web.ServletTestExecutionListener@1cc5b20e, org.springframework.test.context.support.DirtiesContextBeforeModesTestExecutionListener@5d60f5f5, org.springframework.boot.test.mock.mockito.MockitoTestExecutionListener@750dc063, org.springframework.boot.test.autoconfigure.SpringBootDependencyInjectionTestExecutionListener@3dacb87b, org.springframework.test.context.support.DirtiesContextTestExecutionListener@cc82802, org.springframework.test.context.event.EventPublishingTestExecutionListener@56ddbb33, org.springframework.boot.test.autoconfigure.restdocs.RestDocsTestExecutionListener@4d487753, org.springframework.boot.test.autoconfigure.web.client.MockRestServiceServerResetTestExecutionListener@157f71e1, org.springframework.boot.test.autoconfigure.web.servlet.MockMvcPrintOnlyOnFailureTestExecutionListener@58bac374, org.springframework.boot.test.autoconfigure.web.servlet.WebDriverTestExecutionListener@6385ef73, org.springframework.boot.test.autoconfigure.webservices.client.MockWebServiceServerTestExecutionListener@6d79febf, org.springframework.boot.test.mock.mockito.ResetMocksTestExecutionListener@3677a88]
11:40:46.594 [Test worker] DEBUG org.springframework.test.context.support.AbstractDirtiesContextTestExecutionListener - Before test class: context [DefaultTestContext@2f05485a testClass = CalculatorApplicationTests, testInstance = [null], testMethod = [null], testException = [null], mergedContextConfiguration = [WebMergedContextConfiguration@6466dd2f testClass = CalculatorApplicationTests, locations = '{}', classes = '{class com.redsuns78.calculator.CalculatorApplication}', contextInitializerClasses = '[]', activeProfiles = '{}', propertySourceLocations = '{}', propertySourceProperties = '{org.springframework.boot.test.context.SpringBootTestContextBootstrapper=true}', contextCustomizers = set[org.springframework.boot.test.autoconfigure.properties.PropertyMappingContextCustomizer@0, org.springframework.boot.test.autoconfigure.web.servlet.WebDriverContextCustomizerFactory$Customizer@21d7a53e, org.springframework.boot.test.context.filter.ExcludeFilterContextCustomizer@281c9db, org.springframework.boot.test.json.DuplicateJsonObjectContextCustomizerFactory$DuplicateJsonObjectContextCustomizer@2013c667, org.springframework.boot.test.mock.mockito.MockitoContextCustomizer@0, org.springframework.boot.test.web.client.TestRestTemplateContextCustomizer@75e9f59b, org.springframework.boot.test.context.SpringBootTestArgs@1], resourceBasePath = 'src/main/webapp', contextLoader = 'org.springframework.boot.test.context.SpringBootContextLoader', parent = [null]], attributes = map['org.springframework.test.context.web.ServletTestExecutionListener.activateListener' -> true]], class annotated with @DirtiesContext [false] with mode [null].
11:40:46.624 [Test worker] DEBUG org.springframework.test.context.support.TestPropertySourceUtils - Adding inlined properties to environment: {spring.jmx.enabled=false, org.springframework.boot.test.context.SpringBootTestContextBootstrapper=true}

  .   ____          _            __ _ _
 /\\ / ___'_ __ _ _(_)_ __  __ _ \ \ \ \
( ( )\___ | '_ | '_| | '_ \/ _` | \ \ \ \
 \\/  ___)| |_)| | | | | || (_| |  ) ) ) )
  '  |____| .__|_| |_|_| |_\__, | / / / /
 =========|_|==============|___/=/_/_/_/
 :: Spring Boot ::        (v2.3.1.RELEASE)

2020-07-12 11:40:46.891  INFO 73746 --- [    Test worker] c.r.c.CalculatorApplicationTests         : Starting CalculatorApplicationTests on HyungChans-iMac.local with PID 73746 (started by hyungchancho in /Users/hyungchancho/Downloads/calculator)
2020-07-12 11:40:46.893  INFO 73746 --- [    Test worker] c.r.c.CalculatorApplicationTests         : No active profile set, falling back to default profiles: default
2020-07-12 11:40:47.820  INFO 73746 --- [    Test worker] o.s.s.concurrent.ThreadPoolTaskExecutor  : Initializing ExecutorService 'applicationTaskExecutor'
2020-07-12 11:40:48.017  INFO 73746 --- [    Test worker] c.r.c.CalculatorApplicationTests         : Started CalculatorApplicationTests in 1.378 seconds (JVM running for 2.511)
]]></system-out>
  <system-err><![CDATA[]]></system-err>
</testsuite>
